<?xml version="1.0" encoding="UTF-8"?>
<!-- Generated by org.testng.reporters.JUnitXMLReporter -->
<testsuite hostname="LAPTOP-HE7823DA" ignored="0" name="Default test" tests="4" failures="0" timestamp="23 Dec 2020 18:56:25 GMT" time="55.144" errors="0">
  <testcase name="loginToDemosite" time="5.912" classname="com.demosite.testcases.LoginTest"/>
  <testcase name="loginToDemosite" time="5.898" classname="com.demosite.testcases.LoginTest"/>
  <testcase name="loginToDemosite" time="6.257" classname="com.demosite.testcases.LoginTest"/>
  <testcase name="loginToDemosite" time="15.935" classname="com.demosite.testcases.LoginTest"/>
</testsuite> <!-- Default test -->
