<?xml version="1.0" encoding="UTF-8"?>
<!-- Generated by org.testng.reporters.JUnitXMLReporter -->
<testsuite hostname="LAPTOP-HE7823DA" ignored="0" name="Test" tests="4" failures="0" timestamp="04 Jan 2021 06:15:15 GMT" time="46.644" errors="0">
  <testcase name="loginToDemosite" time="5.753" classname="com.demosite.testcases.LoginTest"/>
  <testcase name="loginToDemosite" time="6.2" classname="com.demosite.testcases.LoginTest"/>
  <testcase name="loginToDemosite" time="6.784" classname="com.demosite.testcases.LoginTest"/>
  <testcase name="loginToDemosite" time="9.436" classname="com.demosite.testcases.LoginTest"/>
</testsuite> <!-- Test -->
